<?xml version="1.0" encoding="UTF-8"?>
<!-- Generated by org.testng.reporters.JUnitXMLReporter -->
<testsuite ignored="0" hostname="AELPT-0923" failures="0" tests="3" name="Default test" time="29.127" errors="0" timestamp="2025-07-23T09:40:36 IST">
  <testcase classname="opencart.test.ProductSearchTest" name="searchProduct" time="0.464"/>
  <testcase classname="opencart.test.ProductSearchTest" name="searchProduct" time="0.42"/>
  <testcase classname="opencart.test.ProductSearchTest" name="searchProduct" time="0.514"/>
</testsuite> <!-- Default test -->
