<?xml version="1.0" encoding="UTF-8"?>
<!-- Generated by org.testng.reporters.JUnitXMLReporter -->
<testsuite ignored="7" hostname="AELPT-0923" failures="0" tests="2" name="Test" time="20.409" errors="0" timestamp="2025-07-22T23:34:46 IST">
  <testcase classname="opencart.test.ProductSearchTest" name="searchProduct" time="0.414"/>
  <testcase classname="opencart.test.ProductSearchTest" name="searchProduct" time="0.41"/>
  <testcase classname="opencart.baseClass.BaseClass" name="@AfterTest clearReport" time="0.0">
    <ignored/>
  </testcase> <!-- @AfterTest clearReport -->
  <testcase classname="opencart.baseClass.BaseClass" name="@AfterTest clearReport" time="0.0">
    <ignored/>
  </testcase> <!-- @AfterTest clearReport -->
  <testcase classname="opencart.test.ExploreTutorialTest" name="exploreTut" time="0.0">
    <ignored/>
  </testcase> <!-- exploreTut -->
  <testcase classname="opencart.test.AuthenticationTest" name="signupUser" time="0.0">
    <ignored/>
  </testcase> <!-- signupUser -->
  <testcase classname="opencart.baseClass.BaseClass" name="@BeforeTest setReport" time="0.0">
    <ignored/>
  </testcase> <!-- @BeforeTest setReport -->
  <testcase classname="opencart.baseClass.BaseClass" name="@BeforeTest setReport" time="0.0">
    <ignored/>
  </testcase> <!-- @BeforeTest setReport -->
  <testcase classname="opencart.test.AuthenticationTest" name="loginUser" time="0.0">
    <ignored/>
  </testcase> <!-- loginUser -->
</testsuite> <!-- Test -->
