<?xml version="1.0" encoding="UTF-8"?>
<!-- Generated by org.testng.reporters.JUnitXMLReporter -->
<testsuite ignored="4" hostname="AELPT-0923" failures="0" tests="3" name="Test" time="62.916" errors="0" timestamp="2025-07-22T19:41:31 IST">
  <testcase classname="opencart.test.ExploreTutorialTest" name="exploreTut" time="13.655"/>
  <testcase classname="opencart.test.ExploreTutorialTest" name="exploreTut" time="17.232"/>
  <testcase classname="opencart.test.ExploreTutorialTest" name="exploreTut" time="19.79"/>
  <testcase classname="opencart.baseClass.BaseClass" name="@AfterTest clearReport" time="0.0">
    <ignored/>
  </testcase> <!-- @AfterTest clearReport -->
  <testcase classname="opencart.test.AuthenticationTest" name="signupUser" time="0.0">
    <ignored/>
  </testcase> <!-- signupUser -->
  <testcase classname="opencart.baseClass.BaseClass" name="@BeforeTest setReport" time="0.0">
    <ignored/>
  </testcase> <!-- @BeforeTest setReport -->
  <testcase classname="opencart.test.AuthenticationTest" name="loginUser" time="0.0">
    <ignored/>
  </testcase> <!-- loginUser -->
</testsuite> <!-- Test -->
