<?xml version="1.0" encoding="UTF-8"?>
<testng-results ignored="0" total="3" passed="3" failed="0" skipped="0">
  <reporter-output>
  </reporter-output>
  <suite started-at="2025-07-23T09:40:07 IST" name="Default suite" finished-at="2025-07-23T09:40:36 IST" duration-ms="29127">
    <groups>
    </groups>
    <test started-at="2025-07-23T09:40:07 IST" name="Default test" finished-at="2025-07-23T09:40:36 IST" duration-ms="29127">
      <class name="opencart.test.ProductSearchTest">
        <test-method is-config="true" signature="setReport()[pri:0, instance:opencart.test.ProductSearchTest@6e4de19b]" started-at="2025-07-23T09:40:07 IST" name="setReport" finished-at="2025-07-23T09:40:07 IST" duration-ms="393" status="PASS">
          <reporter-output>
          </reporter-output>
        </test-method> <!-- setReport -->
        <test-method is-config="true" signature="authenticate()[pri:0, instance:opencart.test.ProductSearchTest@6e4de19b]" started-at="2025-07-23T09:40:08 IST" name="authenticate" finished-at="2025-07-23T09:40:16 IST" duration-ms="7299" status="PASS">
          <reporter-output>
          </reporter-output>
        </test-method> <!-- authenticate -->
        <test-method signature="searchProduct(java.lang.String)[pri:0, instance:opencart.test.ProductSearchTest@6e4de19b]" started-at="2025-07-23T09:40:16 IST" name="searchProduct" data-provider="searchProduct" finished-at="2025-07-23T09:40:16 IST" duration-ms="464" status="PASS">
          <params>
            <param index="0">
              <value>
                <![CDATA[iphone16]]>
              </value>
            </param>
          </params>
          <reporter-output>
          </reporter-output>
        </test-method> <!-- searchProduct -->
        <test-method is-config="true" signature="afterResult(org.testng.ITestResult)[pri:0, instance:opencart.test.ProductSearchTest@6e4de19b]" started-at="2025-07-23T09:40:16 IST" name="afterResult" finished-at="2025-07-23T09:40:16 IST" duration-ms="33" status="PASS">
          <params>
            <param index="0">
              <value>
                <![CDATA[[TestResult name=searchProduct status=SUCCESS method=ProductSearchTest.searchProduct(java.lang.String)[pri:0, instance:opencart.test.ProductSearchTest@6e4de19b] output={null}]]]>
              </value>
            </param>
          </params>
          <reporter-output>
          </reporter-output>
        </test-method> <!-- afterResult -->
        <test-method is-config="true" signature="authenticate()[pri:0, instance:opencart.test.ProductSearchTest@6e4de19b]" started-at="2025-07-23T09:40:16 IST" name="authenticate" finished-at="2025-07-23T09:40:24 IST" duration-ms="8190" status="PASS">
          <reporter-output>
          </reporter-output>
        </test-method> <!-- authenticate -->
        <test-method signature="searchProduct(java.lang.String)[pri:0, instance:opencart.test.ProductSearchTest@6e4de19b]" started-at="2025-07-23T09:40:24 IST" name="searchProduct" data-provider="searchProduct" finished-at="2025-07-23T09:40:25 IST" duration-ms="420" status="PASS">
          <params>
            <param index="0">
              <value>
                <![CDATA[Oneplus]]>
              </value>
            </param>
          </params>
          <reporter-output>
          </reporter-output>
        </test-method> <!-- searchProduct -->
        <test-method is-config="true" signature="afterResult(org.testng.ITestResult)[pri:0, instance:opencart.test.ProductSearchTest@6e4de19b]" started-at="2025-07-23T09:40:25 IST" name="afterResult" finished-at="2025-07-23T09:40:25 IST" duration-ms="2" status="PASS">
          <params>
            <param index="0">
              <value>
                <![CDATA[[TestResult name=searchProduct status=SUCCESS method=ProductSearchTest.searchProduct(java.lang.String)[pri:0, instance:opencart.test.ProductSearchTest@6e4de19b] output={null}]]]>
              </value>
            </param>
          </params>
          <reporter-output>
          </reporter-output>
        </test-method> <!-- afterResult -->
        <test-method is-config="true" signature="authenticate()[pri:0, instance:opencart.test.ProductSearchTest@6e4de19b]" started-at="2025-07-23T09:40:25 IST" name="authenticate" finished-at="2025-07-23T09:40:33 IST" duration-ms="8457" status="PASS">
          <reporter-output>
          </reporter-output>
        </test-method> <!-- authenticate -->
        <test-method signature="searchProduct(java.lang.String)[pri:0, instance:opencart.test.ProductSearchTest@6e4de19b]" started-at="2025-07-23T09:40:33 IST" name="searchProduct" data-provider="searchProduct" finished-at="2025-07-23T09:40:34 IST" duration-ms="514" status="PASS">
          <params>
            <param index="0">
              <value>
                <![CDATA[iphone15]]>
              </value>
            </param>
          </params>
          <reporter-output>
          </reporter-output>
        </test-method> <!-- searchProduct -->
        <test-method is-config="true" signature="afterResult(org.testng.ITestResult)[pri:0, instance:opencart.test.ProductSearchTest@6e4de19b]" started-at="2025-07-23T09:40:34 IST" name="afterResult" finished-at="2025-07-23T09:40:34 IST" duration-ms="1" status="PASS">
          <params>
            <param index="0">
              <value>
                <![CDATA[[TestResult name=searchProduct status=SUCCESS method=ProductSearchTest.searchProduct(java.lang.String)[pri:0, instance:opencart.test.ProductSearchTest@6e4de19b] output={null}]]]>
              </value>
            </param>
          </params>
          <reporter-output>
          </reporter-output>
        </test-method> <!-- afterResult -->
        <test-method is-config="true" signature="clearReport()[pri:0, instance:opencart.test.ProductSearchTest@6e4de19b]" started-at="2025-07-23T09:40:34 IST" name="clearReport" finished-at="2025-07-23T09:40:36 IST" duration-ms="2114" status="PASS">
          <reporter-output>
          </reporter-output>
        </test-method> <!-- clearReport -->
      </class> <!-- opencart.test.ProductSearchTest -->
    </test> <!-- Default test -->
  </suite> <!-- Default suite -->
</testng-results>
